Мультишаблон для чата в tankionline.com

20140612 Версия 2.3.2.54
Изменена нумерация сборок (build).
Убрано свойство формы AppPath. Теперь GetCurrentDir вызывается напрямую.
Убраны проверки перед сохранением настроек.
Убрана рамка ListBox'а.
Изменено имя файла настроек на Multiclip.ini.
Исправлен баг с невыделением высоты под горячие клавиши, если они располагаются внизу.

20140609 Версия 2.1.1.50
Убрана иконка в трее, пункты ее контекстного меню перенесены на строку меню главного окна.
Свойство List списка команд теперь по умолчанию, что сделало возможным заменить List на Self.
Сжаты типы данных Atom: Integer и Shortcut: Cardinal до слова.
Исправлена критическая ошибка с наложением общих и командных горячих клавиш.
В класс списка команд добавлен дескриптор окна-владельца.
Восстановлена стандартная высота строки заголовка главного окна программы.
Из-за удаления иконки в трее убрана возможность выключить приложение, после чего за ненадобностью удален флаг IsAppWork.

20140501 Версия 1.16.4.47
Элементы реализации списка команд, включая лексический анализатор, вынесены в модуль uCommandList.
Теперь используется более легкий метод получения пути к программе - GetCurrentDir.
Теперь клик по именам авторов позволяет отправить им письмо с замечаниями и/или предложениями.
Добавлены проверки изменения настроек при их сохранении в ini-файл.
Во все вызовы keybd_event к виртуальным кодам клавиш добавлены их скан-коды.
Процедура ClickKey перемещена внутрь процедуры SendCommand, а последняя - в секцию public главного окна.
Вместо стандартных процедур Show и Hide теперь используются их более качественные аналоги из TCoolTrayIcon.

20140318 Версия 1.15.4.43
Фикс: Исправлена ошибка, в следствие которой на некоторых компьютерах искажались кириллические символы после буфера обмена.

20130825 Версия 1.15.3.42
Доработаны редакторы настроек и списка команд.
Вместо переменной CommandIndexToSend используется тэг формы.
Фикс: Исправлен глюк с перемещением свернутой формы.

20130817 Версия 1.15.2.41
Произведены мелкие оптимизации, среди которых:
- добавлено удаление мьютекса контроля копий;
- теперь флаг командного чата процедуры SendCommand объявлен константным;
- убраны лишние включения/отключения таймера OnMouseLeave;
- убран inherited обработчика сообщения WM_MOVE.

20130801 Версия 1.14.0.38
Добавлен запрет запуска второй копии программы.

20130717 Версия 1.13.4.34 (3.0)
Создана структура, содержащая список команд и её атрибутов.
Вместо переменной OldSelectItem используется тэг ListBox'а.
Процедуры модуля перенесены в форму.
Убран пункт настроек из контекстного меню трея.
Произведен ребрендинг истории версий.

20130427 Версия 1.13.2.30 (2.0 SP2)
Добавлено условие, облегчающее обработчик формы OnMouseMove. Также из этого обработчика убраны лишние условия.
Также в обработчик WM_HOTKEY добавлен вызов inherited, благодаря которому окно обрабатывает стандартные горячие клавиши ОС Windows.

20130419 Версия 1.13.0.28 (2.0 SP1)
Удалён редактор команд.
Из редактора настроек убраны опции, которые могут быть изменены в процессе работы основной программы (v1.6).

20130219 Версия 1.13.0.28 (2.0)
OpenDialog убран по причине увеличения времени загрузки приложения за счёт ожидания действий пользователя. Теперь файл списка команд предусматривается один – command.lst.
OpenDialog также убран из редактора команд (v1.1).

20130210 Версия 1.12.7.27 (2.0 RC9)
Добавлено окно «О программе».
Пунктом по умолчанию всплывающего меню трея назначено «Вкл./Выкл.». Также на него перенесен обработчик клика с трея.
Фикс: Окно теперь не сжимается, если оно не пристыковано к краю экрана.

20130131 Версия 1.12.2.24 (2.0 RC8)
Создана окончательная версия редактора настроек (v1.5).
Создана предварительная (текстовая) версия редактора команд (v1.0).

20130120 Версия 1.12.2.24 (2.0 RC7)
Добавлен пункт настроек в контекстное меню трея.
Убрана первичная инициализация переменных, которые читаются из файла настроек.
Сгруппированы переменные в разделе их объявления.

20130113 Версия 1.12.0.22 (2.0 RC6)
Создано контекстное меню для иконки в трее, а также XPManifest.

20130108 Версия 1.11.6.21 (2.0 RC5)
Фикс: Исправлена ошибка, из-за которой не обрабатывались горячие клавиши.

20121216 Версия 1.11.5.20 (2.0 RC4)
Теперь таймер OnMouseLeave включается только один раз – при входе в режим перемещения или изменения ширины окна.
Убрано по ненадобности создание *.CFG-файла при условии его отсутствия. Также убраны переменные для *.CFG-файла.
Добавлено свойство окна AppPath (полный путь к программе) вместо одноимённых локальных переменных.

20120927 Версия 1.11.3.18 (2.0 RC3)
Программа закрывается автоматически, если не выбран файл списка команд.
Фиксы в редакторе (v1.4):
	Теперь в Memo файла команд можно ввести символ табуляции; однако в Memo теперь нельзя попасть через клавишу Tab, только с помощью мыши.
	Также исправлена ошибка, из-за которой новые команды не сохранялись.
	Кроме этого, добавлен OpenDialog для файла команд, а также для всех диалогов начальной папкой установлена папка с программой.

20120907 Версия 1.11.2.17 (2.0 RC2)
Добавлен OpenDialog, благодаря которому теперь можно хранить несколько списков команд в различных *.LST-файлах.
Параметр Height удалён за ненадобностью. Сделаны соответствующие правки в редакторе файлов (v1.1).
Фикс: Для подсчёта количества команд теперь используется свойство TListBox.Count вместо TListBox.Items.Count.

20120905 Версия 1.10.3.14 (2.0 RC1)
Добавлена первая версия редактора файлов (v1.0).

20120903 Версия 1.10.3.14 (2.0 (бета-3))
Убран параметр HeightMode. Высота окна теперь вычисляется автоматически в зависимости от количества команд.

20120902 Версия 1.10.2.13 (2.0 (бета-2))
Теперь окно корректно пристыковывается к краям экрана благодаря свойству окна ScreenSnap.
Двухитерационные циклы преобразованы в соответствующие последовательности.
Фикс: Убран некликабельный пробел между нижними границами окна и списка команд.
Фикс: Упрощено копирование в буфер обмена.

20120825 Версия 1.9.1.10 (2.0 (бета-1))
Фикс: Не загружались параметры программы из файла настроек – исправлено.
Переименованы некоторые локальные переменные.

20120815 Версия 1.9.0.9
Проведен рефакторинг исходного кода в соответствии со стилем Чарльза Калверта.
Файлы теперь используют стандартные имена – command.lst и config.cfg

20091108 Версия 1.8
Подгружаются параметры от предыдущих версий (если хотите подгрузить свои фразы или настройки из старой версии, просто удалите новый файл перед запуском).
Настраиваемые цвета интерфейса.
Значок в трее для временного отключения программы.
Фикс: Копирование в буфер обмена переделано.

20091106 Версия 1.7
В список можно вставлять разделители – пустые строки.
Высота строк списка стала вариативна, зависит от наличия горячих клавиш.
Добавился параметр Height_mode – высота окна назначается (Manual) или определяется автоматически (Auto).
Добавился параметр Hotkey_pos – можно размещать горячие клавиши внизу (Down) или справа (Right) каждой строки.

20091106 Версия 1.6
Если фраза начинается с символа «%», то при вводе в чат она не будет отправлена и будет доступна для редактирования.
Фикс: Перепутаны горячие клавиши для командного и общего чата.

20091106 Версия 1.5
Теперь можно прилеплять окно к левому или правому краю экрана, а также перемещать.
Можно назначать горячие клавиши для добавления в командный и общий чат (командный – после первой табуляции, общий – после второй).
Мелкие фиксы – при перемещении и изменении размеров не происходит скрытия окна.

20091105 Версия 1.4
Добавлен параметр window_name. Если он указан – вставка осуществляется только в окно с этим именем, если оно активно.

20091105 Версия 1.3
Фикс: Горячие клавиши с функциональными клавишами поправлены – перед вставкой ожидается отпускание клавиш.

20091103 Версия 1.2
Добавлены горячие клавиши.
На каждую строчку в файле .lst можно дописывать после табуляции горячую клавишу (букву).
В окне списка показывается горячая клавиша. Если она не задана или не удалось распознать – не показывается. Если не удалось установить – красным цветом.
По горячей клавише вставка производится в командный чат.
Фикс: Левой кнопкой – в командный чат, правой – в общий чат.
Фикс: Минимальная ширина окна обнулена. На двухмониторных системах должно работать корректно.
Автоподбор высоты окна (Параметр Height больше не используется).
Недоделки: при вставке используется эмуляция клавиш, конфликтует с горячими клавишами, использующими функциональные клавиши Ctrl, Alt, Shift.
Идеи: Если кому-то покажется востребованным, можно сделать установки своих цветов.

20091028 Версия 1.1
При запуске маячит в правой части экрана.
Убрал иконку в трее как бесполезную.
Регулируется расстояние от края экрана (RX).
Левой кнопкой посылается сообщение в командный чат, правой – в общий чат.
Вставка строки сразу в окно танков.
Передача управления обратно в окно танков (!).